mode: set
booking-ticket/business/bookings/usecase.go:17.102,23.2 1 1
booking-ticket/business/bookings/usecase.go:25.90,26.54 1 1
booking-ticket/business/bookings/usecase.go:29.2,29.79 1 1
booking-ticket/business/bookings/usecase.go:32.2,34.18 3 1
booking-ticket/business/bookings/usecase.go:37.2,40.16 3 1
booking-ticket/business/bookings/usecase.go:43.2,43.18 1 1
booking-ticket/business/bookings/usecase.go:26.54,28.3 1 1
booking-ticket/business/bookings/usecase.go:29.79,31.3 1 1
booking-ticket/business/bookings/usecase.go:34.18,36.3 1 0
booking-ticket/business/bookings/usecase.go:40.16,42.3 1 0
booking-ticket/business/bookings/usecase.go:45.78,48.16 2 1
booking-ticket/business/bookings/usecase.go:51.2,51.21 1 1
booking-ticket/business/bookings/usecase.go:48.16,50.3 1 0
booking-ticket/business/bookings/usecase.go:54.98,57.16 2 1
booking-ticket/business/bookings/usecase.go:60.2,60.21 1 1
booking-ticket/business/bookings/usecase.go:57.16,59.3 1 0
booking-ticket/business/bookings/usecase.go:63.93,66.16 2 1
booking-ticket/business/bookings/usecase.go:69.2,69.21 1 1
booking-ticket/business/bookings/usecase.go:66.16,68.3 1 0
booking-ticket/business/movies/usecase.go:14.70,19.2 1 1
booking-ticket/business/movies/usecase.go:21.86,22.125 1 1
booking-ticket/business/movies/usecase.go:25.2,27.16 2 1
booking-ticket/business/movies/usecase.go:30.2,30.19 1 1
booking-ticket/business/movies/usecase.go:22.125,24.3 1 1
booking-ticket/business/movies/usecase.go:27.16,29.3 1 0
booking-ticket/business/movies/usecase.go:33.74,36.16 2 1
booking-ticket/business/movies/usecase.go:39.2,39.19 1 1
booking-ticket/business/movies/usecase.go:36.16,38.3 1 0
booking-ticket/business/movies/usecase.go:42.87,45.16 2 1
booking-ticket/business/movies/usecase.go:48.2,48.19 1 1
booking-ticket/business/movies/usecase.go:45.16,47.3 1 0
booking-ticket/business/admins/usecase.go:18.103,24.2 1 1
booking-ticket/business/admins/usecase.go:26.99,27.17 1 1
booking-ticket/business/admins/usecase.go:30.2,30.20 1 1
booking-ticket/business/admins/usecase.go:34.2,35.16 2 1
booking-ticket/business/admins/usecase.go:39.2,40.11 2 1
booking-ticket/business/admins/usecase.go:44.2,45.16 2 1
booking-ticket/business/admins/usecase.go:48.2,48.18 1 1
booking-ticket/business/admins/usecase.go:27.17,29.3 1 1
booking-ticket/business/admins/usecase.go:30.20,32.3 1 1
booking-ticket/business/admins/usecase.go:35.16,37.3 1 1
booking-ticket/business/admins/usecase.go:40.11,42.3 1 0
booking-ticket/business/admins/usecase.go:45.16,47.3 1 0
booking-ticket/business/admins/usecase.go:51.86,52.49 1 1
booking-ticket/business/admins/usecase.go:55.2,57.20 3 1
booking-ticket/business/admins/usecase.go:61.2,63.16 2 1
booking-ticket/business/admins/usecase.go:66.2,66.18 1 1
booking-ticket/business/admins/usecase.go:52.49,54.3 1 1
booking-ticket/business/admins/usecase.go:57.20,59.3 1 0
booking-ticket/business/admins/usecase.go:63.16,65.3 1 0
booking-ticket/business/admins/usecase.go:69.73,72.16 2 1
booking-ticket/business/admins/usecase.go:75.2,75.18 1 1
booking-ticket/business/admins/usecase.go:72.16,74.3 1 0
booking-ticket/business/cinemas/usecase.go:14.71,19.2 1 1
booking-ticket/business/cinemas/usecase.go:21.88,22.91 1 1
booking-ticket/business/cinemas/usecase.go:25.2,27.16 2 1
booking-ticket/business/cinemas/usecase.go:30.2,30.18 1 1
booking-ticket/business/cinemas/usecase.go:22.91,24.3 1 1
booking-ticket/business/cinemas/usecase.go:27.16,29.3 1 0
booking-ticket/business/cinemas/usecase.go:33.76,36.16 2 1
booking-ticket/business/cinemas/usecase.go:39.2,39.19 1 1
booking-ticket/business/cinemas/usecase.go:36.16,38.3 1 0
booking-ticket/business/cinemas/usecase.go:42.90,45.16 2 1
booking-ticket/business/cinemas/usecase.go:48.2,48.19 1 1
booking-ticket/business/cinemas/usecase.go:45.16,47.3 1 0
booking-ticket/business/timeSchedules/usecase.go:14.77,19.2 1 1
booking-ticket/business/timeSchedules/usecase.go:21.100,22.28 1 1
booking-ticket/business/timeSchedules/usecase.go:25.2,27.16 2 1
booking-ticket/business/timeSchedules/usecase.go:30.2,30.18 1 1
booking-ticket/business/timeSchedules/usecase.go:22.28,24.3 1 1
booking-ticket/business/timeSchedules/usecase.go:27.16,29.3 1 0
booking-ticket/business/timeSchedules/usecase.go:33.106,34.21 1 1
booking-ticket/business/timeSchedules/usecase.go:37.2,39.16 2 1
booking-ticket/business/timeSchedules/usecase.go:42.2,42.22 1 1
booking-ticket/business/timeSchedules/usecase.go:34.21,36.3 1 1
booking-ticket/business/timeSchedules/usecase.go:39.16,41.3 1 0
booking-ticket/business/schedules/usecase.go:14.73,19.2 1 1
booking-ticket/business/schedules/usecase.go:21.92,22.49 1 1
booking-ticket/business/schedules/usecase.go:25.2,25.23 1 1
booking-ticket/business/schedules/usecase.go:28.2,30.16 2 1
booking-ticket/business/schedules/usecase.go:33.2,33.18 1 1
booking-ticket/business/schedules/usecase.go:22.49,24.3 1 1
booking-ticket/business/schedules/usecase.go:25.23,27.3 1 1
booking-ticket/business/schedules/usecase.go:30.16,32.3 1 0
booking-ticket/business/schedules/usecase.go:36.80,39.16 2 1
booking-ticket/business/schedules/usecase.go:42.2,42.23 1 1
booking-ticket/business/schedules/usecase.go:39.16,41.3 1 0
booking-ticket/business/schedules/usecase.go:45.100,48.16 2 1
booking-ticket/business/schedules/usecase.go:51.2,51.22 1 1
booking-ticket/business/schedules/usecase.go:48.16,50.3 1 0
booking-ticket/business/users/usecase.go:18.102,24.2 1 1
booking-ticket/business/users/usecase.go:26.98,27.17 1 1
booking-ticket/business/users/usecase.go:30.2,30.20 1 1
booking-ticket/business/users/usecase.go:34.2,35.16 2 1
booking-ticket/business/users/usecase.go:39.2,40.11 2 1
booking-ticket/business/users/usecase.go:44.2,45.16 2 1
booking-ticket/business/users/usecase.go:48.2,48.18 1 1
booking-ticket/business/users/usecase.go:27.17,29.3 1 1
booking-ticket/business/users/usecase.go:30.20,32.3 1 1
booking-ticket/business/users/usecase.go:35.16,37.3 1 1
booking-ticket/business/users/usecase.go:40.11,42.3 1 0
booking-ticket/business/users/usecase.go:45.16,47.3 1 0
booking-ticket/business/users/usecase.go:51.85,52.97 1 1
booking-ticket/business/users/usecase.go:55.2,57.20 3 1
booking-ticket/business/users/usecase.go:61.2,63.16 2 1
booking-ticket/business/users/usecase.go:66.2,66.18 1 1
booking-ticket/business/users/usecase.go:52.97,54.3 1 1
booking-ticket/business/users/usecase.go:57.20,59.3 1 0
booking-ticket/business/users/usecase.go:63.16,65.3 1 0
booking-ticket/business/users/usecase.go:69.71,72.16 2 1
booking-ticket/business/users/usecase.go:75.2,75.18 1 1
booking-ticket/business/users/usecase.go:72.16,74.3 1 0
booking-ticket/business/users/usecase.go:78.79,81.16 2 1
booking-ticket/business/users/usecase.go:84.2,84.18 1 1
booking-ticket/business/users/usecase.go:81.16,83.3 1 0
