mode: set
booking-ticket/business/bookings/usecase.go:15.72,20.2 1 1
booking-ticket/business/bookings/usecase.go:22.90,23.54 1 1
booking-ticket/business/bookings/usecase.go:26.2,26.79 1 1
booking-ticket/business/bookings/usecase.go:29.2,32.16 3 1
booking-ticket/business/bookings/usecase.go:35.2,35.18 1 1
booking-ticket/business/bookings/usecase.go:23.54,25.3 1 1
booking-ticket/business/bookings/usecase.go:26.79,28.3 1 1
booking-ticket/business/bookings/usecase.go:32.16,34.3 1 0
booking-ticket/business/bookings/usecase.go:37.78,40.16 2 1
booking-ticket/business/bookings/usecase.go:43.2,43.19 1 1
booking-ticket/business/bookings/usecase.go:40.16,42.3 1 0
booking-ticket/business/bookings/usecase.go:46.98,49.16 2 1
booking-ticket/business/bookings/usecase.go:52.2,52.19 1 1
booking-ticket/business/bookings/usecase.go:49.16,51.3 1 0
booking-ticket/business/bookings/usecase.go:55.93,58.16 2 1
booking-ticket/business/bookings/usecase.go:61.2,61.19 1 1
booking-ticket/business/bookings/usecase.go:58.16,60.3 1 0
booking-ticket/business/admins/usecase.go:17.103,23.2 1 1
booking-ticket/business/admins/usecase.go:26.99,27.17 1 1
booking-ticket/business/admins/usecase.go:30.2,30.20 1 1
booking-ticket/business/admins/usecase.go:34.2,40.16 2 1
booking-ticket/business/admins/usecase.go:43.2,44.16 2 1
booking-ticket/business/admins/usecase.go:47.2,47.18 1 1
booking-ticket/business/admins/usecase.go:27.17,29.3 1 1
booking-ticket/business/admins/usecase.go:30.20,32.3 1 1
booking-ticket/business/admins/usecase.go:40.16,42.3 1 0
booking-ticket/business/admins/usecase.go:44.16,46.3 1 0
booking-ticket/business/admins/usecase.go:50.86,51.49 1 1
booking-ticket/business/admins/usecase.go:54.2,56.20 3 1
booking-ticket/business/admins/usecase.go:60.2,62.16 2 1
booking-ticket/business/admins/usecase.go:65.2,65.18 1 1
booking-ticket/business/admins/usecase.go:51.49,53.3 1 1
booking-ticket/business/admins/usecase.go:56.20,58.3 1 0
booking-ticket/business/admins/usecase.go:62.16,64.3 1 0
booking-ticket/business/admins/usecase.go:68.73,71.16 2 1
booking-ticket/business/admins/usecase.go:74.2,74.18 1 1
booking-ticket/business/admins/usecase.go:71.16,73.3 1 0
booking-ticket/business/cinemas/usecase.go:14.71,19.2 1 1
booking-ticket/business/cinemas/usecase.go:21.88,22.91 1 1
booking-ticket/business/cinemas/usecase.go:25.2,27.16 2 1
booking-ticket/business/cinemas/usecase.go:30.2,30.18 1 1
booking-ticket/business/cinemas/usecase.go:22.91,24.3 1 1
booking-ticket/business/cinemas/usecase.go:27.16,29.3 1 0
booking-ticket/business/cinemas/usecase.go:33.76,36.16 2 1
booking-ticket/business/cinemas/usecase.go:39.2,39.19 1 1
booking-ticket/business/cinemas/usecase.go:36.16,38.3 1 0
booking-ticket/business/cinemas/usecase.go:42.90,45.16 2 1
booking-ticket/business/cinemas/usecase.go:48.2,48.19 1 1
booking-ticket/business/cinemas/usecase.go:45.16,47.3 1 0
booking-ticket/business/movies/usecase.go:14.70,19.2 1 1
booking-ticket/business/movies/usecase.go:21.86,22.125 1 1
booking-ticket/business/movies/usecase.go:25.2,27.16 2 1
booking-ticket/business/movies/usecase.go:30.2,30.19 1 1
booking-ticket/business/movies/usecase.go:22.125,24.3 1 1
booking-ticket/business/movies/usecase.go:27.16,29.3 1 0
booking-ticket/business/movies/usecase.go:33.74,36.16 2 1
booking-ticket/business/movies/usecase.go:39.2,39.19 1 1
booking-ticket/business/movies/usecase.go:36.16,38.3 1 0
booking-ticket/business/movies/usecase.go:42.87,45.16 2 1
booking-ticket/business/movies/usecase.go:48.2,48.19 1 1
booking-ticket/business/movies/usecase.go:45.16,47.3 1 0
booking-ticket/business/schedules/usecase.go:14.73,19.2 1 1
booking-ticket/business/schedules/usecase.go:21.92,22.70 1 1
booking-ticket/business/schedules/usecase.go:25.2,27.16 2 1
booking-ticket/business/schedules/usecase.go:30.2,30.18 1 1
booking-ticket/business/schedules/usecase.go:22.70,24.3 1 0
booking-ticket/business/schedules/usecase.go:27.16,29.3 1 0
booking-ticket/business/schedules/usecase.go:33.80,36.16 2 1
booking-ticket/business/schedules/usecase.go:39.2,39.23 1 1
booking-ticket/business/schedules/usecase.go:36.16,38.3 1 0
booking-ticket/business/schedules/usecase.go:42.100,45.16 2 1
booking-ticket/business/schedules/usecase.go:48.2,48.22 1 1
booking-ticket/business/schedules/usecase.go:45.16,47.3 1 0
booking-ticket/business/timeSchedules/usecase.go:14.77,19.2 1 1
booking-ticket/business/timeSchedules/usecase.go:21.100,22.28 1 1
booking-ticket/business/timeSchedules/usecase.go:25.2,27.16 2 1
booking-ticket/business/timeSchedules/usecase.go:30.2,30.18 1 1
booking-ticket/business/timeSchedules/usecase.go:22.28,24.3 1 1
booking-ticket/business/timeSchedules/usecase.go:27.16,29.3 1 0
booking-ticket/business/timeSchedules/usecase.go:33.106,34.21 1 1
booking-ticket/business/timeSchedules/usecase.go:37.2,39.16 2 1
booking-ticket/business/timeSchedules/usecase.go:42.2,42.22 1 1
booking-ticket/business/timeSchedules/usecase.go:34.21,36.3 1 1
booking-ticket/business/timeSchedules/usecase.go:39.16,41.3 1 0
booking-ticket/business/users/usecase.go:17.102,23.2 1 1
booking-ticket/business/users/usecase.go:26.98,27.17 1 1
booking-ticket/business/users/usecase.go:30.2,30.20 1 1
booking-ticket/business/users/usecase.go:34.2,39.16 2 1
booking-ticket/business/users/usecase.go:42.2,43.16 2 1
booking-ticket/business/users/usecase.go:46.2,46.18 1 1
booking-ticket/business/users/usecase.go:27.17,29.3 1 1
booking-ticket/business/users/usecase.go:30.20,32.3 1 1
booking-ticket/business/users/usecase.go:39.16,41.3 1 0
booking-ticket/business/users/usecase.go:43.16,45.3 1 0
booking-ticket/business/users/usecase.go:49.85,50.97 1 1
booking-ticket/business/users/usecase.go:53.2,55.20 3 1
booking-ticket/business/users/usecase.go:59.2,61.16 2 1
booking-ticket/business/users/usecase.go:64.2,64.18 1 1
booking-ticket/business/users/usecase.go:50.97,52.3 1 1
booking-ticket/business/users/usecase.go:55.20,57.3 1 0
booking-ticket/business/users/usecase.go:61.16,63.3 1 0
booking-ticket/business/users/usecase.go:67.71,70.16 2 1
booking-ticket/business/users/usecase.go:73.2,73.18 1 1
booking-ticket/business/users/usecase.go:70.16,72.3 1 0
booking-ticket/business/users/usecase.go:76.79,79.16 2 1
booking-ticket/business/users/usecase.go:82.2,82.18 1 1
booking-ticket/business/users/usecase.go:79.16,81.3 1 0
